Using pre-set license
Built from '2020.3/staging' branch; Version is '2020.3.11f1 (99c7afb366b3) revision 10078127'; Using compiler version '192528614'; Build Type 'Release'
OS: 'Windows 10 Pro; OS build 19041.1052; Version 2004; 64bit' Language: 'ru' Physical Memory: 16347 MB
BatchMode: 1, IsHumanControllingUs: 0, StartBugReporterOnCrash: 0, Is64bit: 1, IsPro: 0

 COMMAND LINE ARGUMENTS:
C:\Program Files\Unity\Hub\Editor\2020.3.11f1\Editor\Unity.exe
-adb2
-batchMode
-noUpm
-name
AssetImportWorker0
-projectPath
C:/Users/wertt/YandexDisk-GriMorProgram/HardRacerFriend (2)
-logFile
Logs/AssetImportWorker0.log
-srvPort
54225
Successfully changed project path to: C:/Users/wertt/YandexDisk-GriMorProgram/HardRacerFriend (2)
C:/Users/wertt/YandexDisk-GriMorProgram/HardRacerFriend (2)
Using Asset Import Pipeline V2.
Refreshing native plugins compatible for Editor in 164.54 ms, found 2 plugins.
Preloading 0 native plugins for Editor in 0.00 ms.
Initialize engine version: 2020.3.11f1 (99c7afb366b3)
[Subsystems] Discovering subsystems at path C:/Program Files/Unity/Hub/Editor/2020.3.11f1/Editor/Data/Resources/UnitySubsystems
[Subsystems] Discovering subsystems at path C:/Users/wertt/YandexDisk-GriMorProgram/HardRacerFriend (2)/Assets
GfxDevice: creating device client; threaded=0
Direct3D:
    Version:  Direct3D 11.0 [level 11.1]
    Renderer: NVIDIA GeForce GTX 950 (ID=0x1402)
    Vendor:   
    VRAM:     2007 MB
    Driver:   27.21.14.5671
Initialize mono
Mono path[0] = 'C:/Program Files/Unity/Hub/Editor/2020.3.11f1/Editor/Data/Managed'
Mono path[1] = 'C:/Program Files/Unity/Hub/Editor/2020.3.11f1/Editor/Data/MonoBleedingEdge/lib/mono/unityjit'
Mono config path = 'C:/Program Files/Unity/Hub/Editor/2020.3.11f1/Editor/Data/MonoBleedingEdge/etc'
Using monoOptions --debugger-agent=transport=dt_socket,embedding=1,server=y,suspend=n,address=127.0.0.1:56188
Begin MonoManager ReloadAssembly
Registering precompiled unity dll's ...
Register platform support module: C:/Program Files/Unity/Hub/Editor/2020.3.11f1/Editor/Data/PlaybackEngines/MacStandaloneSupport/UnityEditor.OSXStandalone.Extensions.dll
Register platform support module: C:/Program Files/Unity/Hub/Editor/2020.3.11f1/Editor/Data/PlaybackEngines/WindowsStandaloneSupport/UnityEditor.WindowsStandalone.Extensions.dll
Registered in 0.002600 seconds.
Native extension for WindowsStandalone target not found
Native extension for OSXStandalone target not found
Refreshing native plugins compatible for Editor in 57.28 ms, found 2 plugins.
Preloading 0 native plugins for Editor in 0.00 ms.
Mono: successfully reloaded assembly
- Completed reload, in  3.458 seconds
Platform modules already initialized, skipping
Registering precompiled user dll's ...
Registered in 0.007082 seconds.
Begin MonoManager ReloadAssembly
Native extension for WindowsStandalone target not found
Native extension for OSXStandalone target not found
Refreshing native plugins compatible for Editor in 62.77 ms, found 2 plugins.
Preloading 0 native plugins for Editor in 0.00 ms.
Mono: successfully reloaded assembly
- Completed reload, in  1.529 seconds
Platform modules already initialized, skipping
========================================================================
Worker process is ready to serve import requests
Launched and connected shader compiler UnityShaderCompiler.exe after 0.09 seconds
Refreshing native plugins compatible for Editor in 1.74 ms, found 2 plugins.
Preloading 0 native plugins for Editor in 0.00 ms.
Unloading 1807 Unused Serialized files (Serialized files now loaded: 0)
System memory in use before: 85.9 MB.
System memory in use after: 85.9 MB.

Unloading 76 unused Assets to reduce memory usage. Loaded Objects now: 2230.
Total: 13.167800 ms (FindLiveObjects: 0.293000 ms CreateObjectMapping: 0.105600 ms MarkObjects: 12.564700 ms  DeleteObjects: 0.202300 ms)

========================================================================
Received Import Request.
  path: Assets/Car_My/Prefabs/Finish.prefab
  artifactKey: Guid(db313b06a3c30994b8bcecef616765a0) Importer(815301076,1909f56bfc062723c751e8b465ee728b)
Start importing Assets/Car_My/Prefabs/Finish.prefab using Guid(db313b06a3c30994b8bcecef616765a0) Importer(815301076,1909f56bfc062723c751e8b465ee728b)  -> (artifact id: '0bd7ced4310cc58b0541d5fda60e13c3') in 0.449767 seconds
  Import took 0.456932 seconds .

========================================================================
Received Import Request.
  Time since last request: 9.678641 seconds.
  path: Assets/Car_My/Prefabs/Finish.prefab
  artifactKey: Guid(db313b06a3c30994b8bcecef616765a0) Importer(815301076,1909f56bfc062723c751e8b465ee728b)
Start importing Assets/Car_My/Prefabs/Finish.prefab using Guid(db313b06a3c30994b8bcecef616765a0) Importer(815301076,1909f56bfc062723c751e8b465ee728b)  -> (artifact id: '4b41d9d4f09dd121dfc560600d2ecdd0') in 0.309431 seconds
  Import took 0.315562 seconds .

========================================================================
Received Prepare
Registering precompiled user dll's ...
Registered in 0.009888 seconds.
Begin MonoManager ReloadAssembly
Native extension for WindowsStandalone target not found
Native extension for OSXStandalone target not found
Refreshing native plugins compatible for Editor in 0.74 ms, found 2 plugins.
Preloading 0 native plugins for Editor in 0.00 ms.
Mono: successfully reloaded assembly
- Completed reload, in  2.867 seconds
Platform modules already initialized, skipping
Refreshing native plugins compatible for Editor in 1.63 ms, found 2 plugins.
Preloading 0 native plugins for Editor in 0.00 ms.
Unloading 1772 Unused Serialized files (Serialized files now loaded: 0)
System memory in use before: 99.8 MB.
System memory in use after: 99.9 MB.

Unloading 70 unused Assets to reduce memory usage. Loaded Objects now: 2242.
Total: 6.385700 ms (FindLiveObjects: 0.390600 ms CreateObjectMapping: 0.153200 ms MarkObjects: 5.693600 ms  DeleteObjects: 0.145400 ms)

========================================================================
Received Prepare
Registering precompiled user dll's ...
Registered in 0.004974 seconds.
Begin MonoManager ReloadAssembly
Native extension for WindowsStandalone target not found
Native extension for OSXStandalone target not found
Refreshing native plugins compatible for Editor in 0.67 ms, found 2 plugins.
Preloading 0 native plugins for Editor in 0.00 ms.
Mono: successfully reloaded assembly
- Completed reload, in  1.470 seconds
Platform modules already initialized, skipping
Refreshing native plugins compatible for Editor in 0.70 ms, found 2 plugins.
Preloading 0 native plugins for Editor in 0.00 ms.
Unloading 1772 Unused Serialized files (Serialized files now loaded: 0)
System memory in use before: 99.8 MB.
System memory in use after: 99.9 MB.

Unloading 70 unused Assets to reduce memory usage. Loaded Objects now: 2245.
Total: 2.734800 ms (FindLiveObjects: 0.195500 ms CreateObjectMapping: 0.082000 ms MarkObjects: 2.370600 ms  DeleteObjects: 0.084600 ms)

========================================================================
Received Prepare
Registering precompiled user dll's ...
Registered in 0.004852 seconds.
Begin MonoManager ReloadAssembly
Native extension for WindowsStandalone target not found
Native extension for OSXStandalone target not found
Refreshing native plugins compatible for Editor in 1.02 ms, found 2 plugins.
Preloading 0 native plugins for Editor in 0.00 ms.
Mono: successfully reloaded assembly
- Completed reload, in  1.388 seconds
Platform modules already initialized, skipping
Refreshing native plugins compatible for Editor in 0.68 ms, found 2 plugins.
Preloading 0 native plugins for Editor in 0.00 ms.
Unloading 1772 Unused Serialized files (Serialized files now loaded: 0)
System memory in use before: 99.8 MB.
System memory in use after: 100.0 MB.

Unloading 70 unused Assets to reduce memory usage. Loaded Objects now: 2248.
Total: 2.466300 ms (FindLiveObjects: 0.180600 ms CreateObjectMapping: 0.065200 ms MarkObjects: 2.138400 ms  DeleteObjects: 0.080300 ms)

========================================================================
Received Prepare
Refreshing native plugins compatible for Editor in 331.59 ms, found 2 plugins.
Preloading 0 native plugins for Editor in 0.00 ms.
Unloading 34 Unused Serialized files (Serialized files now loaded: 0)
System memory in use before: 65.4 MB.
System memory in use after: 65.5 MB.

Unloading 34 unused Assets to reduce memory usage. Loaded Objects now: 2248.
Total: 4.313600 ms (FindLiveObjects: 0.293100 ms CreateObjectMapping: 0.113700 ms MarkObjects: 3.870300 ms  DeleteObjects: 0.034800 ms)

========================================================================
Received Prepare
Registering precompiled user dll's ...
Registered in 0.006855 seconds.
Begin MonoManager ReloadAssembly
Native extension for WindowsStandalone target not found
Native extension for OSXStandalone target not found
Refreshing native plugins compatible for Editor in 0.72 ms, found 2 plugins.
Preloading 0 native plugins for Editor in 0.00 ms.
Mono: successfully reloaded assembly
- Completed reload, in  2.542 seconds
Platform modules already initialized, skipping
Switching build target platform(19) subTarget(0) extendedPlatform(0) -> platform(13) subTarget(537395200) extendedPlatform(0)
Refreshing native plugins compatible for Editor in 0.65 ms, found 2 plugins.
Preloading 0 native plugins for Editor in 0.00 ms.
Unloading 1776 Unused Serialized files (Serialized files now loaded: 0)
System memory in use before: 99.0 MB.
System memory in use after: 99.1 MB.

Unloading 70 unused Assets to reduce memory usage. Loaded Objects now: 2251.
Total: 2.858800 ms (FindLiveObjects: 0.178500 ms CreateObjectMapping: 0.063000 ms MarkObjects: 2.521300 ms  DeleteObjects: 0.093800 ms)

AssetImportParameters requested are different than current active one (requested -> active):
  custom:graphics/normal-map-encoding: 01000000000000000000000000000000 -> 02000000000000000000000000000000
========================================================================
Received Prepare
Refreshing native plugins compatible for Editor in 12.03 ms, found 2 plugins.
Preloading 0 native plugins for Editor in 0.00 ms.
Unloading 34 Unused Serialized files (Serialized files now loaded: 0)
System memory in use before: 64.6 MB.
System memory in use after: 64.8 MB.

Unloading 34 unused Assets to reduce memory usage. Loaded Objects now: 2251.
Total: 2.922400 ms (FindLiveObjects: 0.293200 ms CreateObjectMapping: 0.166300 ms MarkObjects: 2.437200 ms  DeleteObjects: 0.024400 ms)

========================================================================
Received Import Request.
  Time since last request: 1154.752307 seconds.
  path: Assets/Car_My/Prefabs/15.fbx
  artifactKey: Guid(f444693c964cfc14bbe71beccb0e4ef2) Importer(815301076,1909f56bfc062723c751e8b465ee728b)
Start importing Assets/Car_My/Prefabs/15.fbx using Guid(f444693c964cfc14bbe71beccb0e4ef2) Importer(815301076,1909f56bfc062723c751e8b465ee728b)  -> (artifact id: 'd064034c512759bd8c55e3edccd4cd38') in 0.542396 seconds
  Import took 0.551381 seconds .

========================================================================
Received Prepare
Registering precompiled user dll's ...
Registered in 0.004298 seconds.
Begin MonoManager ReloadAssembly
Native extension for WindowsStandalone target not found
Native extension for OSXStandalone target not found
Refreshing native plugins compatible for Editor in 0.67 ms, found 2 plugins.
Preloading 0 native plugins for Editor in 0.00 ms.
Mono: successfully reloaded assembly
- Completed reload, in  1.510 seconds
Platform modules already initialized, skipping
Refreshing native plugins compatible for Editor in 1.04 ms, found 2 plugins.
Preloading 0 native plugins for Editor in 0.00 ms.
Unloading 1772 Unused Serialized files (Serialized files now loaded: 0)
System memory in use before: 100.3 MB.
System memory in use after: 100.4 MB.

Unloading 71 unused Assets to reduce memory usage. Loaded Objects now: 2291.
Total: 2.708200 ms (FindLiveObjects: 0.196100 ms CreateObjectMapping: 0.070300 ms MarkObjects: 2.354100 ms  DeleteObjects: 0.086500 ms)

========================================================================
Received Prepare
Refreshing native plugins compatible for Editor in 10.91 ms, found 2 plugins.
Preloading 0 native plugins for Editor in 0.00 ms.
Unloading 34 Unused Serialized files (Serialized files now loaded: 0)
System memory in use before: 65.9 MB.
System memory in use after: 66.0 MB.

Unloading 34 unused Assets to reduce memory usage. Loaded Objects now: 2291.
Total: 3.618500 ms (FindLiveObjects: 0.245900 ms CreateObjectMapping: 0.084300 ms MarkObjects: 3.263100 ms  DeleteObjects: 0.024100 ms)

========================================================================
Received Prepare
Registering precompiled user dll's ...
Registered in 0.005683 seconds.
Begin MonoManager ReloadAssembly
Native extension for WindowsStandalone target not found
Native extension for OSXStandalone target not found
Refreshing native plugins compatible for Editor in 0.66 ms, found 2 plugins.
Preloading 0 native plugins for Editor in 0.00 ms.
Mono: successfully reloaded assembly
- Completed reload, in  1.219 seconds
Platform modules already initialized, skipping
Refreshing native plugins compatible for Editor in 0.71 ms, found 2 plugins.
Preloading 0 native plugins for Editor in 0.00 ms.
Unloading 1772 Unused Serialized files (Serialized files now loaded: 0)
System memory in use before: 100.3 MB.
System memory in use after: 100.4 MB.

Unloading 70 unused Assets to reduce memory usage. Loaded Objects now: 2294.
Total: 2.599900 ms (FindLiveObjects: 0.201400 ms CreateObjectMapping: 0.070600 ms MarkObjects: 2.231600 ms  DeleteObjects: 0.095400 ms)

AssetImportWorkerClient::OnTransportError - code=2 error=End of file
